[debug] [2022-07-14T20:16:06.942Z] ----------------------------------------------------------------------
[debug] [2022-07-14T20:16:06.948Z] Command:       C:\Program Files\nodejs\node.exe C:\Program Files\nodejs\node_modules\firebase-tools\lib\bin\firebase.js init
[debug] [2022-07-14T20:16:06.949Z] CLI Version:   11.2.2
[debug] [2022-07-14T20:16:06.949Z] Platform:      win32
[debug] [2022-07-14T20:16:06.949Z] Node Version:  v16.14.2
[debug] [2022-07-14T20:16:06.951Z] Time:          Thu Jul 14 2022 22:16:06 GMT+0200 (Středoevropský letní čas)
[debug] [2022-07-14T20:16:06.952Z] ----------------------------------------------------------------------
[debug] 
[debug] [2022-07-14T20:16:06.968Z] > command requires scopes: ["email","openid","https://www.googleapis.com/auth/cloudplatformprojects.readonly","https://www.googleapis.com/auth/firebase","https://www.googleapis.com/auth/cloud-platform"]
[debug] [2022-07-14T20:16:06.969Z] > authorizing via signed-in user (perglervitek@gmail.com)
[info] 
     ######## #### ########  ######## ########     ###     ######  ########
     ##        ##  ##     ## ##       ##     ##  ##   ##  ##       ##
     ######    ##  ########  ######   ########  #########  ######  ######
     ##        ##  ##    ##  ##       ##     ## ##     ##       ## ##
     ##       #### ##     ## ######## ########  ##     ##  ######  ########

You're about to initialize a Firebase project in this directory:

  C:\Users\vitek\Desktop\Vlastni\personal\my-web

[info] 
=== Project Setup
[info] 
[info] First, let's associate this project directory with a Firebase project.
[info] You can create multiple project aliases by running firebase use --add, 
[info] but for now we'll just set up a default project.
[info] 
[debug] [2022-07-14T20:16:34.685Z] >>> [apiv2][query] GET https://firebase.googleapis.com/v1beta1/projects pageSize=100
[debug] [2022-07-14T20:16:35.400Z] <<< [apiv2][status] GET https://firebase.googleapis.com/v1beta1/projects 200
[debug] [2022-07-14T20:16:35.402Z] <<< [apiv2][body] GET https://firebase.googleapis.com/v1beta1/projects [omitted]
[info] i  Using project personal-site-5e678 (personal-site) 
[info] 
=== Hosting Setup
[info] 
[info] Your public directory is the folder (relative to your project directory) that
[info] will contain Hosting assets to be uploaded with firebase deploy. If you
[info] have a build process for your assets, use your build's output directory.
[info] 
[info] +  Wrote dist/404.html 
[debug] [2022-07-14T20:17:01.852Z] >>> [apiv2][query] GET https://www.gstatic.com/firebasejs/releases.json [none]
[debug] [2022-07-14T20:17:02.000Z] <<< [apiv2][status] GET https://www.gstatic.com/firebasejs/releases.json 200
[debug] [2022-07-14T20:17:02.001Z] <<< [apiv2][body] GET https://www.gstatic.com/firebasejs/releases.json {"current":{"version":"9.9.0","browserURL":"https://www.gstatic.com/firebasejs/9.9.0/firebase.js","packageURL":"https://www.gstatic.com/firebasejs/9.9.0/firebase.tgz"},"live":{"version":"9.9","browserURL":"https://www.gstatic.com/firebasejs/live/9.9/firebase.js","packageURL":"https://www.gstatic.com/firebasejs/live/9.9/firebase.tgz"},"components":{"analytics":"https://www.gstatic.com/firebasejs/9.9.0/firebase-analytics.js","app":"https://www.gstatic.com/firebasejs/9.9.0/firebase-app.js","app-check":"https://www.gstatic.com/firebasejs/9.9.0/firebase-app-check.js","auth":"https://www.gstatic.com/firebasejs/9.9.0/firebase-auth.js","auth/cordova":"https://www.gstatic.com/firebasejs/9.9.0/firebase-auth/cordova.js","auth/react-native":"https://www.gstatic.com/firebasejs/9.9.0/firebase-auth/react-native.js","functions":"https://www.gstatic.com/firebasejs/9.9.0/firebase-functions.js","firestore":"https://www.gstatic.com/firebasejs/9.9.0/firebase-firestore.js","firestore/lite":"https://www.gstatic.com/firebasejs/9.9.0/firebase-firestore/lite.js","installations":"https://www.gstatic.com/firebasejs/9.9.0/firebase-installations.js","storage":"https://www.gstatic.com/firebasejs/9.9.0/firebase-storage.js","performance":"https://www.gstatic.com/firebasejs/9.9.0/firebase-performance.js","remote-config":"https://www.gstatic.com/firebasejs/9.9.0/firebase-remote-config.js","messaging":"https://www.gstatic.com/firebasejs/9.9.0/firebase-messaging.js","messaging/sw":"https://www.gstatic.com/firebasejs/9.9.0/firebase-messaging/sw.js","database":"https://www.gstatic.com/firebasejs/9.9.0/firebase-database.js","firestore.memory":"https://www.gstatic.com/firebasejs/9.9.0/firebase-firestore.memory.js"}}
[info] +  Wrote dist/index.html 
[info] 
[info] i  Detected a .git folder at C:\Users\vitek\Desktop\Vlastni\personal 
[info] i  Authorizing with GitHub to upload your service account to a GitHub repository's secrets store. 
[info] 
[info] Visit this URL on this device to log in:
[info] https://github.com/login/oauth/authorize?client_id=89cf50f02ac6aaed3484&state=858158646&redirect_uri=http%3A%2F%2Flocalhost%3A9005&scope=read%3Auser%20repo%20public_repo
[info] 
[info] Waiting for authentication...
[debug] [2022-07-14T20:17:03.627Z] >>> [apiv2][query] POST https://github.com/login/oauth/access_token [none]
[debug] [2022-07-14T20:17:03.627Z] >>> [apiv2][body] POST https://github.com/login/oauth/access_token [stream]
[debug] [2022-07-14T20:17:04.021Z] <<< [apiv2][status] POST https://github.com/login/oauth/access_token 200
[debug] [2022-07-14T20:17:04.022Z] <<< [apiv2][body] POST https://github.com/login/oauth/access_token {"access_token":"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","token_type":"bearer","scope":"read:user,repo"}
[debug] [2022-07-14T20:17:04.082Z] >>> [apiv2][query] GET https://api.github.com/user [none]
[debug] [2022-07-14T20:17:04.453Z] <<< [apiv2][status] GET https://api.github.com/user 200
[debug] [2022-07-14T20:17:04.453Z] <<< [apiv2][body] GET https://api.github.com/user {"login":"perglervitek","id":46900058,"node_id":"MDQ6VXNlcjQ2OTAwMDU4","avatar_url":"https://avatars.githubusercontent.com/u/46900058?v=4","gravatar_id":"","url":"https://api.github.com/users/perglervitek","html_url":"https://github.com/perglervitek","followers_url":"https://api.github.com/users/perglervitek/followers","following_url":"https://api.github.com/users/perglervitek/following{/other_user}","gists_url":"https://api.github.com/users/perglervitek/gists{/gist_id}","starred_url":"https://api.github.com/users/perglervitek/starred{/owner}{/repo}","subscriptions_url":"https://api.github.com/users/perglervitek/subscriptions","organizations_url":"https://api.github.com/users/perglervitek/orgs","repos_url":"https://api.github.com/users/perglervitek/repos","events_url":"https://api.github.com/users/perglervitek/events{/privacy}","received_events_url":"https://api.github.com/users/perglervitek/received_events","type":"User","site_admin":false,"name":null,"company":"Appnificent","blog":"appnificent.dev","location":"Prague","email":null,"hireable":null,"bio":null,"twitter_username":null,"public_repos":23,"public_gists":0,"followers":1,"following":0,"created_at":"2019-01-21T16:27:04Z","updated_at":"2022-06-09T16:38:18Z","private_gists":0,"total_private_repos":4,"owned_private_repos":4,"disk_usage":310001,"collaborators":0,"two_factor_authentication":false,"plan":{"name":"pro","space":976562499,"collaborators":0,"private_repos":9999}}
[info] 
[info] +  Success! Logged into GitHub as perglervitek 
[info] 
